[2017-10-05 15:20:40,430] INFO Shutting down the log cleaner. (kafka.log.LogCleaner)
[2017-10-05 15:20:40,446] INFO [kafka-log-cleaner-thread-0]: Shutting down (kafka.log.LogCleaner)
[2017-10-05 15:20:40,447] INFO [kafka-log-cleaner-thread-0]: Stopped (kafka.log.LogCleaner)
[2017-10-05 15:20:40,447] INFO [kafka-log-cleaner-thread-0]: Shutdown completed (kafka.log.LogCleaner)
[2017-10-09 13:21:24,031] INFO Starting the log cleaner (kafka.log.LogCleaner)
[2017-10-09 13:21:24,218] INFO [kafka-log-cleaner-thread-0]: Starting (kafka.log.LogCleaner)
[2017-10-11 10:23:55,711] INFO Starting the log cleaner (kafka.log.LogCleaner)
[2017-10-11 10:23:55,721] INFO [kafka-log-cleaner-thread-0]: Starting (kafka.log.LogCleaner)
[2017-10-12 11:21:02,007] INFO Starting the log cleaner (kafka.log.LogCleaner)
[2017-10-12 11:21:02,020] INFO [kafka-log-cleaner-thread-0]: Starting (kafka.log.LogCleaner)
[2017-10-12 12:32:02,534] INFO Shutting down the log cleaner. (kafka.log.LogCleaner)
[2017-10-12 12:32:02,546] INFO [kafka-log-cleaner-thread-0]: Shutting down (kafka.log.LogCleaner)
[2017-10-12 12:32:02,547] INFO [kafka-log-cleaner-thread-0]: Stopped (kafka.log.LogCleaner)
[2017-10-12 12:32:02,547] INFO [kafka-log-cleaner-thread-0]: Shutdown completed (kafka.log.LogCleaner)
[2017-10-12 13:06:14,902] INFO Starting the log cleaner (kafka.log.LogCleaner)
[2017-10-12 13:06:14,912] INFO [kafka-log-cleaner-thread-0]: Starting (kafka.log.LogCleaner)
[2017-10-12 13:25:47,041] INFO Starting the log cleaner (kafka.log.LogCleaner)
[2017-10-12 13:25:47,044] INFO [kafka-log-cleaner-thread-0]: Starting (kafka.log.LogCleaner)
[2017-10-13 11:56:54,853] INFO Starting the log cleaner (kafka.log.LogCleaner)
[2017-10-13 11:56:54,866] INFO [kafka-log-cleaner-thread-0]: Starting (kafka.log.LogCleaner)
